<?xml version="1.0" encoding="UTF-8"?>
<!-- Generated by org.testng.reporters.JUnitReportReporter -->
<testsuite hostname="Abhishek" failures="0" tests="1" name="testclass.PolicyBazar_TestNG" time="3.834" errors="0" timestamp="2022-09-28T11:36:40 IST" skipped="0">
  <testcase classname="testclass.PolicyBazar_TestNG" name="Test1" time="3.834"/>
  <system-out/>
</testsuite> <!-- testclass.PolicyBazar_TestNG -->
